[2023-04-09T13:27:06.262] [ERROR] default - registro mock error
[2023-04-09T13:32:32.710] [ERROR] default - registro mock error
[2023-04-11T16:09:52.227] [ERROR] default - CastError: Cast to Number failed for value "orden" (type string) at path "id" for model "productos"
    at model.Query.exec (C:\Exequiel\curso-coderhouse-backend\desafios y entregas\tercera-entrega-8\node_modules\mongoose\lib\query.js:4913:21)
    at model.Query.Query.then (C:\Exequiel\curso-coderhouse-backend\desafios y entregas\tercera-entrega-8\node_modules\mongoose\lib\query.js:5012:15)
    at processTicksAndRejections (node:internal/process/task_queues:96:5) {
  messageFormat: undefined,
  stringValue: '"orden"',
  kind: 'Number',
  value: 'orden',
  path: 'id',
  reason: AssertionError [ERR_ASSERTION]: The expression evaluated to a falsy value:
  
    assert.ok(!isNaN(val))
  
      at castNumber (C:\Exequiel\curso-coderhouse-backend\desafios y entregas\tercera-entrega-8\node_modules\mongoose\lib\cast\number.js:27:10)
      at SchemaNumber.cast (C:\Exequiel\curso-coderhouse-backend\desafios y entregas\tercera-entrega-8\node_modules\mongoose\lib\schema\number.js:376:12)
      at SchemaNumber.SchemaType.applySetters (C:\Exequiel\curso-coderhouse-backend\desafios y entregas\tercera-entrega-8\node_modules\mongoose\lib\schematype.js:1201:12)
      at SchemaNumber.SchemaType._castForQuery (C:\Exequiel\curso-coderhouse-backend\desafios y entregas\tercera-entrega-8\node_modules\mongoose\lib\schematype.js:1648:15)
      at SchemaNumber.castForQuery (C:\Exequiel\curso-coderhouse-backend\desafios y entregas\tercera-entrega-8\node_modules\mongoose\lib\schema\number.js:430:14)
      at SchemaNumber.SchemaType.castForQueryWrapper (C:\Exequiel\curso-coderhouse-backend\desafios y entregas\tercera-entrega-8\node_modules\mongoose\lib\schematype.js:1612:20)
      at cast (C:\Exequiel\curso-coderhouse-backend\desafios y entregas\tercera-entrega-8\node_modules\mongoose\lib\cast.js:349:32)
      at model.Query.Query.cast (C:\Exequiel\curso-coderhouse-backend\desafios y entregas\tercera-entrega-8\node_modules\mongoose\lib\query.js:5341:12)
      at model.Query.Query._castConditions (C:\Exequiel\curso-coderhouse-backend\desafios y entregas\tercera-entrega-8\node_modules\mongoose\lib\query.js:2214:10)
      at model.Query.<anonymous> (C:\Exequiel\curso-coderhouse-backend\desafios y entregas\tercera-entrega-8\node_modules\mongoose\lib\query.js:2517:8) {
    generatedMessage: true,
    code: 'ERR_ASSERTION',
    actual: false,
    expected: true,
    operator: '=='
  },
  valueType: 'string'
}
[2023-04-11T16:11:07.382] [ERROR] default - CastError: Cast to Number failed for value "orden" (type string) at path "id" for model "productos"
    at model.Query.exec (C:\Exequiel\curso-coderhouse-backend\desafios y entregas\tercera-entrega-8\node_modules\mongoose\lib\query.js:4913:21)
    at model.Query.Query.then (C:\Exequiel\curso-coderhouse-backend\desafios y entregas\tercera-entrega-8\node_modules\mongoose\lib\query.js:5012:15)
    at processTicksAndRejections (node:internal/process/task_queues:96:5) {
  messageFormat: undefined,
  stringValue: '"orden"',
  kind: 'Number',
  value: 'orden',
  path: 'id',
  reason: AssertionError [ERR_ASSERTION]: The expression evaluated to a falsy value:
  
    assert.ok(!isNaN(val))
  
      at castNumber (C:\Exequiel\curso-coderhouse-backend\desafios y entregas\tercera-entrega-8\node_modules\mongoose\lib\cast\number.js:27:10)
      at SchemaNumber.cast (C:\Exequiel\curso-coderhouse-backend\desafios y entregas\tercera-entrega-8\node_modules\mongoose\lib\schema\number.js:376:12)
      at SchemaNumber.SchemaType.applySetters (C:\Exequiel\curso-coderhouse-backend\desafios y entregas\tercera-entrega-8\node_modules\mongoose\lib\schematype.js:1201:12)
      at SchemaNumber.SchemaType._castForQuery (C:\Exequiel\curso-coderhouse-backend\desafios y entregas\tercera-entrega-8\node_modules\mongoose\lib\schematype.js:1648:15)
      at SchemaNumber.castForQuery (C:\Exequiel\curso-coderhouse-backend\desafios y entregas\tercera-entrega-8\node_modules\mongoose\lib\schema\number.js:430:14)
      at SchemaNumber.SchemaType.castForQueryWrapper (C:\Exequiel\curso-coderhouse-backend\desafios y entregas\tercera-entrega-8\node_modules\mongoose\lib\schematype.js:1612:20)
      at cast (C:\Exequiel\curso-coderhouse-backend\desafios y entregas\tercera-entrega-8\node_modules\mongoose\lib\cast.js:349:32)
      at model.Query.Query.cast (C:\Exequiel\curso-coderhouse-backend\desafios y entregas\tercera-entrega-8\node_modules\mongoose\lib\query.js:5341:12)
      at model.Query.Query._castConditions (C:\Exequiel\curso-coderhouse-backend\desafios y entregas\tercera-entrega-8\node_modules\mongoose\lib\query.js:2214:10)
      at model.Query.<anonymous> (C:\Exequiel\curso-coderhouse-backend\desafios y entregas\tercera-entrega-8\node_modules\mongoose\lib\query.js:2517:8) {
    generatedMessage: true,
    code: 'ERR_ASSERTION',
    actual: false,
    expected: true,
    operator: '=='
  },
  valueType: 'string'
}
[2023-04-11T16:13:50.324] [ERROR] default - CastError: Cast to Number failed for value "orden" (type string) at path "id" for model "productos"
    at model.Query.exec (C:\Exequiel\curso-coderhouse-backend\desafios y entregas\tercera-entrega-8\node_modules\mongoose\lib\query.js:4913:21)
    at model.Query.Query.then (C:\Exequiel\curso-coderhouse-backend\desafios y entregas\tercera-entrega-8\node_modules\mongoose\lib\query.js:5012:15)
    at processTicksAndRejections (node:internal/process/task_queues:96:5) {
  messageFormat: undefined,
  stringValue: '"orden"',
  kind: 'Number',
  value: 'orden',
  path: 'id',
  reason: AssertionError [ERR_ASSERTION]: The expression evaluated to a falsy value:
  
    assert.ok(!isNaN(val))
  
      at castNumber (C:\Exequiel\curso-coderhouse-backend\desafios y entregas\tercera-entrega-8\node_modules\mongoose\lib\cast\number.js:27:10)
      at SchemaNumber.cast (C:\Exequiel\curso-coderhouse-backend\desafios y entregas\tercera-entrega-8\node_modules\mongoose\lib\schema\number.js:376:12)
      at SchemaNumber.SchemaType.applySetters (C:\Exequiel\curso-coderhouse-backend\desafios y entregas\tercera-entrega-8\node_modules\mongoose\lib\schematype.js:1201:12)
      at SchemaNumber.SchemaType._castForQuery (C:\Exequiel\curso-coderhouse-backend\desafios y entregas\tercera-entrega-8\node_modules\mongoose\lib\schematype.js:1648:15)
      at SchemaNumber.castForQuery (C:\Exequiel\curso-coderhouse-backend\desafios y entregas\tercera-entrega-8\node_modules\mongoose\lib\schema\number.js:430:14)
      at SchemaNumber.SchemaType.castForQueryWrapper (C:\Exequiel\curso-coderhouse-backend\desafios y entregas\tercera-entrega-8\node_modules\mongoose\lib\schematype.js:1612:20)
      at cast (C:\Exequiel\curso-coderhouse-backend\desafios y entregas\tercera-entrega-8\node_modules\mongoose\lib\cast.js:349:32)
      at model.Query.Query.cast (C:\Exequiel\curso-coderhouse-backend\desafios y entregas\tercera-entrega-8\node_modules\mongoose\lib\query.js:5341:12)
      at model.Query.Query._castConditions (C:\Exequiel\curso-coderhouse-backend\desafios y entregas\tercera-entrega-8\node_modules\mongoose\lib\query.js:2214:10)
      at model.Query.<anonymous> (C:\Exequiel\curso-coderhouse-backend\desafios y entregas\tercera-entrega-8\node_modules\mongoose\lib\query.js:2517:8) {
    generatedMessage: true,
    code: 'ERR_ASSERTION',
    actual: false,
    expected: true,
    operator: '=='
  },
  valueType: 'string'
}
[2023-04-11T16:14:41.434] [ERROR] default - CastError: Cast to Number failed for value "orden" (type string) at path "id" for model "productos"
    at model.Query.exec (C:\Exequiel\curso-coderhouse-backend\desafios y entregas\tercera-entrega-8\node_modules\mongoose\lib\query.js:4913:21)
    at model.Query.Query.then (C:\Exequiel\curso-coderhouse-backend\desafios y entregas\tercera-entrega-8\node_modules\mongoose\lib\query.js:5012:15)
    at processTicksAndRejections (node:internal/process/task_queues:96:5) {
  messageFormat: undefined,
  stringValue: '"orden"',
  kind: 'Number',
  value: 'orden',
  path: 'id',
  reason: AssertionError [ERR_ASSERTION]: The expression evaluated to a falsy value:
  
    assert.ok(!isNaN(val))
  
      at castNumber (C:\Exequiel\curso-coderhouse-backend\desafios y entregas\tercera-entrega-8\node_modules\mongoose\lib\cast\number.js:27:10)
      at SchemaNumber.cast (C:\Exequiel\curso-coderhouse-backend\desafios y entregas\tercera-entrega-8\node_modules\mongoose\lib\schema\number.js:376:12)
      at SchemaNumber.SchemaType.applySetters (C:\Exequiel\curso-coderhouse-backend\desafios y entregas\tercera-entrega-8\node_modules\mongoose\lib\schematype.js:1201:12)
      at SchemaNumber.SchemaType._castForQuery (C:\Exequiel\curso-coderhouse-backend\desafios y entregas\tercera-entrega-8\node_modules\mongoose\lib\schematype.js:1648:15)
      at SchemaNumber.castForQuery (C:\Exequiel\curso-coderhouse-backend\desafios y entregas\tercera-entrega-8\node_modules\mongoose\lib\schema\number.js:430:14)
      at SchemaNumber.SchemaType.castForQueryWrapper (C:\Exequiel\curso-coderhouse-backend\desafios y entregas\tercera-entrega-8\node_modules\mongoose\lib\schematype.js:1612:20)
      at cast (C:\Exequiel\curso-coderhouse-backend\desafios y entregas\tercera-entrega-8\node_modules\mongoose\lib\cast.js:349:32)
      at model.Query.Query.cast (C:\Exequiel\curso-coderhouse-backend\desafios y entregas\tercera-entrega-8\node_modules\mongoose\lib\query.js:5341:12)
      at model.Query.Query._castConditions (C:\Exequiel\curso-coderhouse-backend\desafios y entregas\tercera-entrega-8\node_modules\mongoose\lib\query.js:2214:10)
      at model.Query.<anonymous> (C:\Exequiel\curso-coderhouse-backend\desafios y entregas\tercera-entrega-8\node_modules\mongoose\lib\query.js:2517:8) {
    generatedMessage: true,
    code: 'ERR_ASSERTION',
    actual: false,
    expected: true,
    operator: '=='
  },
  valueType: 'string'
}
[2023-04-11T16:17:14.324] [ERROR] default - CastError: Cast to Number failed for value "orden" (type string) at path "id" for model "productos"
    at model.Query.exec (C:\Exequiel\curso-coderhouse-backend\desafios y entregas\tercera-entrega-8\node_modules\mongoose\lib\query.js:4913:21)
    at model.Query.Query.then (C:\Exequiel\curso-coderhouse-backend\desafios y entregas\tercera-entrega-8\node_modules\mongoose\lib\query.js:5012:15)
    at processTicksAndRejections (node:internal/process/task_queues:96:5) {
  messageFormat: undefined,
  stringValue: '"orden"',
  kind: 'Number',
  value: 'orden',
  path: 'id',
  reason: AssertionError [ERR_ASSERTION]: The expression evaluated to a falsy value:
  
    assert.ok(!isNaN(val))
  
      at castNumber (C:\Exequiel\curso-coderhouse-backend\desafios y entregas\tercera-entrega-8\node_modules\mongoose\lib\cast\number.js:27:10)
      at SchemaNumber.cast (C:\Exequiel\curso-coderhouse-backend\desafios y entregas\tercera-entrega-8\node_modules\mongoose\lib\schema\number.js:376:12)
      at SchemaNumber.SchemaType.applySetters (C:\Exequiel\curso-coderhouse-backend\desafios y entregas\tercera-entrega-8\node_modules\mongoose\lib\schematype.js:1201:12)
      at SchemaNumber.SchemaType._castForQuery (C:\Exequiel\curso-coderhouse-backend\desafios y entregas\tercera-entrega-8\node_modules\mongoose\lib\schematype.js:1648:15)
      at SchemaNumber.castForQuery (C:\Exequiel\curso-coderhouse-backend\desafios y entregas\tercera-entrega-8\node_modules\mongoose\lib\schema\number.js:430:14)
      at SchemaNumber.SchemaType.castForQueryWrapper (C:\Exequiel\curso-coderhouse-backend\desafios y entregas\tercera-entrega-8\node_modules\mongoose\lib\schematype.js:1612:20)
      at cast (C:\Exequiel\curso-coderhouse-backend\desafios y entregas\tercera-entrega-8\node_modules\mongoose\lib\cast.js:349:32)
      at model.Query.Query.cast (C:\Exequiel\curso-coderhouse-backend\desafios y entregas\tercera-entrega-8\node_modules\mongoose\lib\query.js:5341:12)
      at model.Query.Query._castConditions (C:\Exequiel\curso-coderhouse-backend\desafios y entregas\tercera-entrega-8\node_modules\mongoose\lib\query.js:2214:10)
      at model.Query.<anonymous> (C:\Exequiel\curso-coderhouse-backend\desafios y entregas\tercera-entrega-8\node_modules\mongoose\lib\query.js:2517:8) {
    generatedMessage: true,
    code: 'ERR_ASSERTION',
    actual: false,
    expected: true,
    operator: '=='
  },
  valueType: 'string'
}
[2023-04-12T08:03:31.191] [ERROR] default - Hubo un error al conectar la base datos MongoRuntimeError: Unable to parse undefined:undefined with URL
